<?xml version="1.0" encoding="UTF-8"?>
<<<<<<< HEAD
<testsuite name="org.ssa.ironyard.CustomerDAOImplTest" time="1.042" tests="8" errors="0" skipped="0" failures="0">
=======
<<<<<<< HEAD
<<<<<<< HEAD
<testsuite name="org.ssa.ironyard.CustomerDAOImplTest" time="1.396" tests="8" errors="0" skipped="0" failures="0">
=======
<testsuite name="org.ssa.ironyard.CustomerDAOImplTest" time="0.827" tests="8" errors="0" skipped="0" failures="0">
>>>>>>> 637ac3bbe6c4fcb5c5ca7dc546ff3aeee32fe358
=======
<testsuite name="org.ssa.ironyard.CustomerDAOImplTest" time="2.093" tests="8" errors="0" skipped="0" failures="0">
>>>>>>> 8d9e679b741c3a1362e77fe7a44d0e502bb9f0b7
>>>>>>> 32b4d65d16a2c620dade401fed6e3f1d38a829ed
  <properties>
    <property name="java.runtime.name" value="Java(TM) SE Runtime Environment"/>
    <property name="sun.boot.library.path" value="C:\Program Files\Java\jdk1.8.0_92\jre\bin"/>
    <property name="java.vm.version" value="25.92-b14"/>
    <property name="java.vm.vendor" value="Oracle Corporation"/>
<<<<<<< HEAD
    <property name="maven.multiModuleProjectDirectory" value="C:\Users\admin\SSABank"/>
=======
    <property name="maven.multiModuleProjectDirectory" value="C:\Users\admin\workspace\SSABank"/>
>>>>>>> 637ac3bbe6c4fcb5c5ca7dc546ff3aeee32fe358
    <property name="java.vendor.url" value="http://java.oracle.com/"/>
    <property name="path.separator" value=";"/>
    <property name="guice.disable.misplaced.annotation.check" value="true"/>
    <property name="java.vm.name" value="Java HotSpot(TM) 64-Bit Server VM"/>
    <property name="file.encoding.pkg" value="sun.io"/>
    <property name="user.script" value=""/>
    <property name="user.country" value="US"/>
    <property name="sun.java.launcher" value="SUN_STANDARD"/>
    <property name="sun.os.patch.level" value="Service Pack 1"/>
    <property name="java.vm.specification.name" value="Java Virtual Machine Specification"/>
<<<<<<< HEAD
    <property name="user.dir" value="C:\Users\admin\SSABank"/>
=======
    <property name="user.dir" value="C:\Users\admin\workspace\SSABank"/>
>>>>>>> 637ac3bbe6c4fcb5c5ca7dc546ff3aeee32fe358
    <property name="java.runtime.version" value="1.8.0_92-b14"/>
    <property name="java.awt.graphicsenv" value="sun.awt.Win32GraphicsEnvironment"/>
    <property name="java.endorsed.dirs" value="C:\Program Files\Java\jdk1.8.0_92\jre\lib\endorsed"/>
    <property name="os.arch" value="amd64"/>
    <property name="java.io.tmpdir" value="C:\Users\admin\AppData\Local\Temp\"/>
    <property name="line.separator" value="&#10;"/>
    <property name="java.vm.specification.vendor" value="Oracle Corporation"/>
    <property name="user.variant" value=""/>
    <property name="os.name" value="Windows 7"/>
    <property name="classworlds.conf" value="C:\tools\maven\apache-maven-3.3.9-bin\apache-maven-3.3.9\bin\..\bin\m2.conf"/>
    <property name="sun.jnu.encoding" value="Cp1252"/>
<<<<<<< HEAD
    <property name="java.library.path" value="C:\Program Files\Java\jdk1.8.0_92\bin;C:\Windows\Sun\Java\bin;C:\Windows\system32;C:\Windows;C:\Program Files\Haskell\bin;C:\Program Files\Haskell Platform\8.0.1\lib\extralibs\bin;C:\Program Files\Haskell Platform\8.0.1\bin;C:\ProgramData\Oracle\Java\javapath;C:\Program Files (x86)\Intel\iCLS Client\;C:\Program Files\Intel\iCLS Client\;C:\Windows\system32;C:\Windows;C:\Windows\System32\Wbem;C:\Windows\System32\WindowsPowerShell\v1.0\;C:\Program Files\Intel\WiFi\bin\;C:\Program Files\Common Files\Intel\WirelessCommon\;C:\Program Files\Intel\Intel(R) Management Engine Components\DAL;C:\Program Files\Intel\Intel(R) Management Engine Components\IPT;C:\Program Files (x86)\Intel\Intel(R) Management Engine Components\DAL;C:\Program Files (x86)\Intel\Intel(R) Management Engine Components\IPT;C:\Program Files (x86)\Skype\Phone\;C:\Program Files\Java\jdk1.8.0_92\bin;C:\tools\tomcat\apache-tomcat-7.0.70-windows-x64\apache-tomcat-7.0.70\bin;C:\tools\maven\apache-maven-3.3.9-bin\apache-maven-3.3.9\bin;C:\Program Files\Git\cmd;C:\Program Files\TortoiseGit\bin;C:\Program Files\Haskell Platform\8.0.1\mingw\bin;C:\Users\admin\AppData\Roaming\cabal\bin;C:\Users\admin\AppData\Roaming\local\bin;C:\Program Files\Intel\WiFi\bin\;C:\Program Files\Common Files\Intel\WirelessCommon\;."/>
=======
    <property name="java.library.path" value="C:\Program Files\Java\jdk1.8.0_92\bin;C:\Windows\Sun\Java\bin;C:\Windows\system32;C:\Windows;C:\ProgramData\Oracle\Java\javapath;C:\Program Files (x86)\Intel\iCLS Client\;C:\Program Files\Intel\iCLS Client\;C:\Windows\system32;C:\Windows;C:\Windows\System32\Wbem;C:\Windows\System32\WindowsPowerShell\v1.0\;C:\Program Files\Intel\WiFi\bin\;C:\Program Files\Common Files\Intel\WirelessCommon\;C:\Program Files\Intel\Intel(R) Management Engine Components\DAL;C:\Program Files\Intel\Intel(R) Management Engine Components\IPT;C:\Program Files (x86)\Intel\Intel(R) Management Engine Components\DAL;C:\Program Files (x86)\Intel\Intel(R) Management Engine Components\IPT;C:\Program Files (x86)\Skype\Phone\;C:\Program Files\Java\jdk1.8.0_92\bin\;C:\tools\tomcat\apache-tomcat-7.0.70-windows-x64\apache-tomcat-7.0.70\bin\;C:\tools\maven\apache-maven-3.3.9-bin\apache-maven-3.3.9\bin\;C:\Program Files\Git\cmd;C:\Program Files\TortoiseGit\bin;C:\Program Files\Intel\WiFi\bin\;C:\Program Files\Common Files\Intel\WirelessCommon\;."/>
>>>>>>> 637ac3bbe6c4fcb5c5ca7dc546ff3aeee32fe358
    <property name="java.specification.name" value="Java Platform API Specification"/>
    <property name="java.class.version" value="52.0"/>
    <property name="sun.management.compiler" value="HotSpot 64-Bit Tiered Compilers"/>
    <property name="os.version" value="6.1"/>
    <property name="user.home" value="C:\Users\admin"/>
    <property name="user.timezone" value="America/New_York"/>
    <property name="java.awt.printerjob" value="sun.awt.windows.WPrinterJob"/>
    <property name="java.specification.version" value="1.8"/>
    <property name="file.encoding" value="Cp1252"/>
    <property name="user.name" value="admin"/>
    <property name="java.class.path" value="C:\tools\maven\apache-maven-3.3.9-bin\apache-maven-3.3.9\bin\..\boot\plexus-classworlds-2.5.2.jar"/>
    <property name="java.vm.specification.version" value="1.8"/>
    <property name="sun.arch.data.model" value="64"/>
    <property name="java.home" value="C:\Program Files\Java\jdk1.8.0_92\jre"/>
    <property name="sun.java.command" value="org.codehaus.plexus.classworlds.launcher.Launcher package"/>
    <property name="java.specification.vendor" value="Oracle Corporation"/>
    <property name="user.language" value="en"/>
    <property name="awt.toolkit" value="sun.awt.windows.WToolkit"/>
    <property name="java.vm.info" value="mixed mode"/>
    <property name="java.version" value="1.8.0_92"/>
    <property name="java.ext.dirs" value="C:\Program Files\Java\jdk1.8.0_92\jre\lib\ext;C:\Windows\Sun\Java\lib\ext"/>
    <property name="sun.boot.class.path" value="C:\Program Files\Java\jdk1.8.0_92\jre\lib\resources.jar;C:\Program Files\Java\jdk1.8.0_92\jre\lib\rt.jar;C:\Program Files\Java\jdk1.8.0_92\jre\lib\sunrsasign.jar;C:\Program Files\Java\jdk1.8.0_92\jre\lib\jsse.jar;C:\Program Files\Java\jdk1.8.0_92\jre\lib\jce.jar;C:\Program Files\Java\jdk1.8.0_92\jre\lib\charsets.jar;C:\Program Files\Java\jdk1.8.0_92\jre\lib\jfr.jar;C:\Program Files\Java\jdk1.8.0_92\jre\classes"/>
    <property name="sun.stderr.encoding" value="cp437"/>
    <property name="java.vendor" value="Oracle Corporation"/>
    <property name="maven.home" value="C:\tools\maven\apache-maven-3.3.9-bin\apache-maven-3.3.9\bin\.."/>
    <property name="file.separator" value="\"/>
    <property name="java.vendor.url.bug" value="http://bugreport.sun.com/bugreport/"/>
    <property name="sun.cpu.endian" value="little"/>
    <property name="sun.io.unicode.encoding" value="UnicodeLittle"/>
    <property name="sun.stdout.encoding" value="cp437"/>
    <property name="sun.desktop" value="windows"/>
    <property name="sun.cpu.isalist" value="amd64"/>
  </properties>
<<<<<<< HEAD
  <testcase name="testReadLastName" classname="org.ssa.ironyard.CustomerDAOImplTest" time="0.13"/>
  <testcase name="testRead" classname="org.ssa.ironyard.CustomerDAOImplTest" time="0.13"/>
  <testcase name="testReadFirstName" classname="org.ssa.ironyard.CustomerDAOImplTest" time="0.089"/>
  <testcase name="testDeleteAll" classname="org.ssa.ironyard.CustomerDAOImplTest" time="0.099"/>
  <testcase name="testReadAll" classname="org.ssa.ironyard.CustomerDAOImplTest" time="0.044"/>
  <testcase name="testDelete" classname="org.ssa.ironyard.CustomerDAOImplTest" time="0.325"/>
  <testcase name="testInsert" classname="org.ssa.ironyard.CustomerDAOImplTest" time="0.067"/>
  <testcase name="testUpdate" classname="org.ssa.ironyard.CustomerDAOImplTest" time="0.158"/>
=======
<<<<<<< HEAD
<<<<<<< HEAD
  <testcase name="testReadLastName" classname="org.ssa.ironyard.CustomerDAOImplTest" time="0.176"/>
  <testcase name="testRead" classname="org.ssa.ironyard.CustomerDAOImplTest" time="0.169"/>
  <testcase name="testReadFirstName" classname="org.ssa.ironyard.CustomerDAOImplTest" time="0.125"/>
  <testcase name="testDeleteAll" classname="org.ssa.ironyard.CustomerDAOImplTest" time="0.248"/>
  <testcase name="testReadAll" classname="org.ssa.ironyard.CustomerDAOImplTest" time="0.233"/>
  <testcase name="testDelete" classname="org.ssa.ironyard.CustomerDAOImplTest" time="0.196"/>
  <testcase name="testInsert" classname="org.ssa.ironyard.CustomerDAOImplTest" time="0.102"/>
  <testcase name="testUpdate" classname="org.ssa.ironyard.CustomerDAOImplTest" time="0.147"/>
=======
  <testcase name="testReadLastName" classname="org.ssa.ironyard.CustomerDAOImplTest" time="0.08"/>
  <testcase name="testRead" classname="org.ssa.ironyard.CustomerDAOImplTest" time="0.066"/>
  <testcase name="testReadFirstName" classname="org.ssa.ironyard.CustomerDAOImplTest" time="0.054"/>
  <testcase name="testDeleteAll" classname="org.ssa.ironyard.CustomerDAOImplTest" time="0.293"/>
  <testcase name="testReadAll" classname="org.ssa.ironyard.CustomerDAOImplTest" time="0.046"/>
  <testcase name="testDelete" classname="org.ssa.ironyard.CustomerDAOImplTest" time="0.126"/>
  <testcase name="testInsert" classname="org.ssa.ironyard.CustomerDAOImplTest" time="0.071"/>
  <testcase name="testUpdate" classname="org.ssa.ironyard.CustomerDAOImplTest" time="0.091"/>
>>>>>>> 637ac3bbe6c4fcb5c5ca7dc546ff3aeee32fe358
=======
  <testcase name="testReadLastName" classname="org.ssa.ironyard.CustomerDAOImplTest" time="0.308"/>
  <testcase name="testRead" classname="org.ssa.ironyard.CustomerDAOImplTest" time="0.219"/>
  <testcase name="testReadFirstName" classname="org.ssa.ironyard.CustomerDAOImplTest" time="0.145"/>
  <testcase name="testDeleteAll" classname="org.ssa.ironyard.CustomerDAOImplTest" time="0.206"/>
  <testcase name="testReadAll" classname="org.ssa.ironyard.CustomerDAOImplTest" time="0.233"/>
  <testcase name="testDelete" classname="org.ssa.ironyard.CustomerDAOImplTest" time="0.741"/>
  <testcase name="testInsert" classname="org.ssa.ironyard.CustomerDAOImplTest" time="0.093"/>
  <testcase name="testUpdate" classname="org.ssa.ironyard.CustomerDAOImplTest" time="0.148"/>
>>>>>>> 8d9e679b741c3a1362e77fe7a44d0e502bb9f0b7
>>>>>>> 32b4d65d16a2c620dade401fed6e3f1d38a829ed
</testsuite>